<?xml version="1.0" encoding="UTF-8"?>
<!-- Generated by org.testng.reporters.JUnitReportReporter -->
<testsuite skipped="0" hostname="DESKTOP-CCP51SG" name="org.Date2010.Webtable" tests="1" failures="0" timestamp="20 Oct 2020 10:45:53 GMT" time="10.568" errors="0">
  <testcase name="Testcase1" time="10.568" classname="org.Date2010.Webtable"/>
</testsuite> <!-- org.Date2010.Webtable -->
