<?xml version="1.0" encoding="UTF-8"?>
<!-- Generated by org.testng.reporters.JUnitReportReporter -->
<testsuite skipped="0" hostname="DESKTOP-CCP51SG" name="org.Date2010.AmazonDataProvidere" tests="5" failures="0" timestamp="21 Oct 2020 08:00:08 GMT" time="72.730" errors="0">
  <testcase name="webpage" time="13.946" classname="org.Date2010.AmazonDataProvidere"/>
  <testcase name="webpage" time="13.282" classname="org.Date2010.AmazonDataProvidere"/>
  <testcase name="webpage" time="15.096" classname="org.Date2010.AmazonDataProvidere"/>
  <testcase name="webpage" time="16.312" classname="org.Date2010.AmazonDataProvidere"/>
  <testcase name="webpage" time="14.094" classname="org.Date2010.AmazonDataProvidere"/>
</testsuite> <!-- org.Date2010.AmazonDataProvidere -->
