<?xml version="1.0" encoding="UTF-8"?>
<!-- Generated by org.testng.reporters.JUnitReportReporter -->
<testsuite skipped="0" hostname="DESKTOP-CCP51SG" name="org.Date2010.Amazon" tests="3" failures="0" timestamp="20 Oct 2020 10:43:15 GMT" time="13.578" errors="0">
  <testcase name="testCase2" time="0.023" classname="org.Date2010.Amazon"/>
  <testcase name="testCase3" time="2.327" classname="org.Date2010.Amazon"/>
  <testcase name="testCase1" time="11.228" classname="org.Date2010.Amazon"/>
</testsuite> <!-- org.Date2010.Amazon -->
