<?xml version="1.0" encoding="UTF-8"?>
<!-- Generated by org.testng.reporters.JUnitReportReporter -->
<testsuite skipped="0" hostname="DESKTOP-CCP51SG" name="org.Date2010.SampleHash" tests="1" failures="0" timestamp="21 Oct 2020 02:48:10 GMT" time="7.643" errors="0">
  <testcase name="Testcase1" time="7.643" classname="org.Date2010.SampleHash"/>
</testsuite> <!-- org.Date2010.SampleHash -->
